  Source1.cpp
c:\users\rachel tao\documents\github\cs6533\hw2&3\angel-yjc.h(64): warning C4305: 'initializing': truncation from 'double' to 'GLfloat'
c:\users\rachel tao\documents\github\cs6533\hw2&3\mat-yjc-new.h(461): warning C4244: '=': conversion from 'double' to 'GLfloat', possible loss of data
c:\users\rachel tao\documents\github\cs6533\hw2&3\mat-yjc-new.h(462): warning C4244: '=': conversion from 'double' to 'GLfloat', possible loss of data
c:\users\rachel tao\documents\github\cs6533\hw2&3\mat-yjc-new.h(463): warning C4244: '=': conversion from 'double' to 'GLfloat', possible loss of data
c:\users\rachel tao\documents\github\cs6533\hw2&3\mat-yjc-new.h(464): warning C4244: '=': conversion from 'double' to 'GLfloat', possible loss of data
c:\users\rachel tao\documents\github\cs6533\hw2&3\mat-yjc-new.h(465): warning C4244: '=': conversion from 'double' to 'GLfloat', possible loss of data
c:\users\rachel tao\documents\github\cs6533\hw2&3\mat-yjc-new.h(466): warning C4244: '=': conversion from 'double' to 'GLfloat', possible loss of data
c:\users\rachel tao\documents\github\cs6533\hw2&3\mat-yjc-new.h(467): warning C4244: '=': conversion from 'double' to 'GLfloat', possible loss of data
c:\users\rachel tao\documents\github\cs6533\hw2&3\mat-yjc-new.h(468): warning C4244: '=': conversion from 'double' to 'GLfloat', possible loss of data
c:\users\rachel tao\documents\github\cs6533\hw2&3\mat-yjc-new.h(469): warning C4244: '=': conversion from 'double' to 'GLfloat', possible loss of data
c:\users\rachel tao\documents\github\cs6533\hw2&3\mat-yjc-new.h(864): warning C4244: '=': conversion from 'double' to 'GLfloat', possible loss of data
c:\users\rachel tao\documents\github\cs6533\hw2&3\mat-yjc-new.h(865): warning C4244: '=': conversion from 'double' to 'GLfloat', possible loss of data
c:\users\rachel tao\documents\github\cs6533\hw2&3\mat-yjc-new.h(866): warning C4244: '=': conversion from 'double' to 'GLfloat', possible loss of data
c:\users\rachel tao\documents\github\cs6533\hw2&3\mat-yjc-new.h(887): warning C4244: '=': conversion from 'double' to 'GLfloat', possible loss of data
c:\users\rachel tao\documents\github\cs6533\hw2&3\mat-yjc-new.h(889): warning C4244: '=': conversion from 'double' to 'GLfloat', possible loss of data
c:\users\rachel tao\documents\github\cs6533\hw2&3\mat-yjc-new.h(892): warning C4244: '=': conversion from 'double' to 'GLfloat', possible loss of data
c:\users\rachel tao\documents\github\cs6533\hw2&3\mat-yjc-new.h(908): warning C4244: '=': conversion from 'double' to 'GLfloat', possible loss of data
c:\users\rachel tao\documents\github\cs6533\hw2&3\source1.cpp(80): warning C4305: 'initializing': truncation from 'double' to 'GLfloat'
c:\users\rachel tao\documents\github\cs6533\hw2&3\source1.cpp(144): warning C4305: 'argument': truncation from 'double' to 'GLfloat'
c:\users\rachel tao\documents\github\cs6533\hw2&3\source1.cpp(162): warning C4305: 'initializing': truncation from 'double' to 'float'
c:\users\rachel tao\documents\github\cs6533\hw2&3\source1.cpp(163): warning C4305: 'initializing': truncation from 'double' to 'float'
c:\users\rachel tao\documents\github\cs6533\hw2&3\source1.cpp(184): warning C4244: 'argument': conversion from 'double' to 'GLfloat', possible loss of data
c:\users\rachel tao\documents\github\cs6533\hw2&3\source1.cpp(194): warning C4305: 'initializing': truncation from 'double' to 'float'
c:\users\rachel tao\documents\github\cs6533\hw2&3\source1.cpp(195): warning C4305: 'initializing': truncation from 'double' to 'float'
c:\users\rachel tao\documents\github\cs6533\hw2&3\source1.cpp(199): warning C4244: 'initializing': conversion from 'double' to 'float', possible loss of data
c:\users\rachel tao\documents\github\cs6533\hw2&3\source1.cpp(231): warning C4305: 'argument': truncation from 'double' to 'GLfloat'
c:\users\rachel tao\documents\github\cs6533\hw2&3\source1.cpp(246): warning C4305: 'argument': truncation from 'double' to 'GLfloat'
c:\users\rachel tao\documents\github\cs6533\hw2&3\source1.cpp(247): warning C4305: 'argument': truncation from 'double' to 'GLfloat'
c:\users\rachel tao\documents\github\cs6533\hw2&3\source1.cpp(248): warning C4305: 'argument': truncation from 'double' to 'GLfloat'
c:\users\rachel tao\documents\github\cs6533\hw2&3\source1.cpp(262): warning C4244: 'argument': conversion from 'double' to 'GLfloat', possible loss of data
c:\users\rachel tao\documents\github\cs6533\hw2&3\source1.cpp(488): warning C4305: 'argument': truncation from 'double' to 'GLfloat'
c:\users\rachel tao\documents\github\cs6533\hw2&3\source1.cpp(530): warning C4244: 'argument': conversion from 'double' to 'GLfloat', possible loss of data
c:\users\rachel tao\documents\github\cs6533\hw2&3\source1.cpp(532): warning C4244: 'argument': conversion from 'double' to 'GLfloat', possible loss of data
c:\users\rachel tao\documents\github\cs6533\hw2&3\source1.cpp(786): warning C4244: 'argument': conversion from 'double' to 'GLfloat', possible loss of data
c:\users\rachel tao\documents\github\cs6533\hw2&3\source1.cpp(986): warning C4305: 'argument': truncation from 'double' to 'GLclampf'
c:\users\rachel tao\documents\github\cs6533\hw2&3\source1.cpp(1055): warning C4244: 'initializing': conversion from 'int' to 'float', possible loss of data
c:\users\rachel tao\documents\github\cs6533\hw2&3\source1.cpp(1058): warning C4244: 'argument': conversion from 'int' to 'GLfloat', possible loss of data
c:\users\rachel tao\documents\github\cs6533\hw2&3\source1.cpp(1099): warning C4244: 'initializing': conversion from 'double' to 'float', possible loss of data
c:\users\rachel tao\documents\github\cs6533\hw2&3\source1.cpp(1135): warning C4244: '=': conversion from 'int' to 'float', possible loss of data
  hw2_rotate_sphere.vcxproj -> C:\Users\Rachel Tao\Documents\GitHub\CS6533\hw2&3\Debug\hw2_rotate_sphere.exe
