  Source1.cpp
c:\users\rachel tao\documents\github\cs6533\hw2&3\angel-yjc.h(63): warning C4305: 'initializing': truncation from 'double' to 'GLfloat'
c:\users\rachel tao\documents\github\cs6533\hw2&3\mat-yjc-new.h(464): warning C4244: '=': conversion from 'double' to 'GLfloat', possible loss of data
c:\users\rachel tao\documents\github\cs6533\hw2&3\mat-yjc-new.h(465): warning C4244: '=': conversion from 'double' to 'GLfloat', possible loss of data
c:\users\rachel tao\documents\github\cs6533\hw2&3\mat-yjc-new.h(466): warning C4244: '=': conversion from 'double' to 'GLfloat', possible loss of data
c:\users\rachel tao\documents\github\cs6533\hw2&3\mat-yjc-new.h(467): warning C4244: '=': conversion from 'double' to 'GLfloat', possible loss of data
c:\users\rachel tao\documents\github\cs6533\hw2&3\mat-yjc-new.h(468): warning C4244: '=': conversion from 'double' to 'GLfloat', possible loss of data
c:\users\rachel tao\documents\github\cs6533\hw2&3\mat-yjc-new.h(469): warning C4244: '=': conversion from 'double' to 'GLfloat', possible loss of data
c:\users\rachel tao\documents\github\cs6533\hw2&3\mat-yjc-new.h(470): warning C4244: '=': conversion from 'double' to 'GLfloat', possible loss of data
c:\users\rachel tao\documents\github\cs6533\hw2&3\mat-yjc-new.h(471): warning C4244: '=': conversion from 'double' to 'GLfloat', possible loss of data
c:\users\rachel tao\documents\github\cs6533\hw2&3\mat-yjc-new.h(472): warning C4244: '=': conversion from 'double' to 'GLfloat', possible loss of data
c:\users\rachel tao\documents\github\cs6533\hw2&3\mat-yjc-new.h(867): warning C4244: '=': conversion from 'double' to 'GLfloat', possible loss of data
c:\users\rachel tao\documents\github\cs6533\hw2&3\mat-yjc-new.h(868): warning C4244: '=': conversion from 'double' to 'GLfloat', possible loss of data
c:\users\rachel tao\documents\github\cs6533\hw2&3\mat-yjc-new.h(869): warning C4244: '=': conversion from 'double' to 'GLfloat', possible loss of data
c:\users\rachel tao\documents\github\cs6533\hw2&3\mat-yjc-new.h(890): warning C4244: '=': conversion from 'double' to 'GLfloat', possible loss of data
c:\users\rachel tao\documents\github\cs6533\hw2&3\mat-yjc-new.h(892): warning C4244: '=': conversion from 'double' to 'GLfloat', possible loss of data
c:\users\rachel tao\documents\github\cs6533\hw2&3\mat-yjc-new.h(895): warning C4244: '=': conversion from 'double' to 'GLfloat', possible loss of data
c:\users\rachel tao\documents\github\cs6533\hw2&3\mat-yjc-new.h(911): warning C4244: '=': conversion from 'double' to 'GLfloat', possible loss of data
c:\users\rachel tao\documents\github\cs6533\hw2&3\source1.cpp(96): warning C4305: 'initializing': truncation from 'double' to 'float'
c:\users\rachel tao\documents\github\cs6533\hw2&3\source1.cpp(111): warning C4305: 'argument': truncation from 'double' to 'GLfloat'
c:\users\rachel tao\documents\github\cs6533\hw2&3\source1.cpp(115): warning C4305: 'initializing': truncation from 'double' to 'float'
c:\users\rachel tao\documents\github\cs6533\hw2&3\source1.cpp(116): warning C4305: 'initializing': truncation from 'double' to 'float'
c:\users\rachel tao\documents\github\cs6533\hw2&3\source1.cpp(122): warning C4305: 'argument': truncation from 'double' to 'GLfloat'
c:\users\rachel tao\documents\github\cs6533\hw2&3\source1.cpp(123): warning C4305: 'argument': truncation from 'double' to 'GLfloat'
c:\users\rachel tao\documents\github\cs6533\hw2&3\source1.cpp(164): warning C4305: 'argument': truncation from 'double' to 'GLfloat'
c:\users\rachel tao\documents\github\cs6533\hw2&3\source1.cpp(165): warning C4305: 'argument': truncation from 'double' to 'GLfloat'
c:\users\rachel tao\documents\github\cs6533\hw2&3\source1.cpp(166): warning C4305: 'argument': truncation from 'double' to 'GLfloat'
c:\users\rachel tao\documents\github\cs6533\hw2&3\source1.cpp(167): warning C4305: 'argument': truncation from 'double' to 'GLfloat'
c:\users\rachel tao\documents\github\cs6533\hw2&3\source1.cpp(227): warning C4305: 'argument': truncation from 'double' to 'GLfloat'
c:\users\rachel tao\documents\github\cs6533\hw2&3\source1.cpp(444): warning C4244: '=': conversion from 'float' to 'int', possible loss of data
c:\users\rachel tao\documents\github\cs6533\hw2&3\source1.cpp(459): warning C4244: '=': conversion from 'float' to 'int', possible loss of data
c:\users\rachel tao\documents\github\cs6533\hw2&3\source1.cpp(460): warning C4244: '=': conversion from 'float' to 'int', possible loss of data
c:\users\rachel tao\documents\github\cs6533\hw2&3\source1.cpp(471): warning C4244: '=': conversion from 'int' to 'float', possible loss of data
c:\users\rachel tao\documents\github\cs6533\hw2&3\source1.cpp(538): warning C4305: 'argument': truncation from 'double' to 'GLclampf'
c:\users\rachel tao\documents\github\cs6533\hw2&3\source1.cpp(551): warning C4305: 'argument': truncation from 'double' to 'const GLfloat'
c:\users\rachel tao\documents\github\cs6533\hw2&3\source1.cpp(588): warning C4244: '=': conversion from 'double' to 'GLfloat', possible loss of data
c:\users\rachel tao\documents\github\cs6533\hw2&3\source1.cpp(589): warning C4244: '=': conversion from 'double' to 'GLfloat', possible loss of data
c:\users\rachel tao\documents\github\cs6533\hw2&3\source1.cpp(590): warning C4244: '=': conversion from 'double' to 'GLfloat', possible loss of data
  hw2_rotate_sphere.vcxproj -> C:\Users\Rachel Tao\Documents\GitHub\CS6533\hw2&3\Debug\hw2_rotate_sphere.exe
